[38;5;112m[Appium][0m Welcome to Appium v2.11.2
[38;5;112m[Appium][0m Non-default server args:
[38;5;112m[Appium][0m { basePath: [32m'/wd/hub'[39m, loglevel: [32m'info'[39m, port: [33m63779[39m }
[38;5;112m[Appium][0m Attempting to load driver uiautomator2...
[38;5;112m[Appium][0m Appium REST http interface listener started on http://0.0.0.0:63779/wd/hub
[38;5;112m[Appium][0m You can provide the following URLs in your client code to connect to this server:
	http://172.20.10.2:63779/wd/hub
	http://127.0.0.1:63779/wd/hub (only accessible from the same host)
[38;5;112m[Appium][0m Available drivers:
[38;5;112m[Appium][0m   - uiautomator2@3.7.5 (automationName 'UiAutomator2')
[38;5;112m[Appium][0m No plugins have been installed. Use the "appium plugin" command to install the one(s) you want to use.
[38;5;86m[HTTP][0m [37m-->[39m [37mGET[39m [37m/wd/hub/status[39m [90m{}[39m
[38;5;86m[HTTP][0m [37m<-- GET /wd/hub/status [39m[32m200[39m [90m11 ms - 111[39m [90m[39m
[38;5;86m[HTTP][0m [37m-->[39m [37mGET[39m [37m/wd/hub/status[39m [90m{}[39m
[38;5;86m[HTTP][0m [37m<-- GET /wd/hub/status [39m[32m200[39m [90m2 ms - 111[39m [90m[39m
[38;5;86m[HTTP][0m [37m-->[39m [37mPOST[39m [37m/wd/hub/session[39m [90m{"desiredCapabilities":{"appium:systemPort":63801,"appium:newCommandTimeout":1800,"appium:automationName":"UiAutomator2","appium:fullReset":false,"appium:platformVersion":"","appium:Android":"emulator-5554","appium:deviceId":"emulator-5554","appium:noReset":"false","appium:udid":"emulator-5554","appium:autoGrantPermissions":true,"appium:platformName":"Android","appium:property":"C:\\Users\\User\\Documents\\api.apk","appium:appActivity":"com.github.axet.android.apis.ApiDemos","appium:deviceName":"emulator-5554 (sdk_gphone64_x86_64 - Android 12)","platformName":"Android","appium:app":"C:\\Users\\User\\Documents\\api.apk","appium:appPackage":"com.github.axet.android.apis"},"capabilities":{"firstMatch":[{"appium:Android":"emulator-5554","appium:app":"C:\\Users\\User\\Documents\\api.apk","appium:appActivity":"com.github.axet.android.apis.ApiDemos","appium:appPackage":"com.github.axet.android.apis","appium:autoGrantPermissions":true,"appium:automationName":"UiAutomator2","appium:deviceId":"emulator-5554","appium...[39m
[38;5;123m[BaseDriver][0m Ignoring capability 'appium:platformName=Android' and using capability 'platformName=android'
[38;5;123m[BaseDriver][0m The capabilities ["platformName"] are standard capabilities and do not require "appium:" prefix
[38;5;112m[Appium][0m Attempting to find matching driver for automationName 'UiAutomator2' and platformName 'android'
[38;5;112m[Appium][0m The 'uiautomator2' driver was installed and matched caps.
[38;5;112m[Appium][0m Will require it at C:\Users\User\.appium\node_modules\appium-uiautomator2-driver
[38;5;120m[AppiumDriver@1610][0m Appium v2.11.2 creating new AndroidUiautomator2Driver (v3.7.5) session
[38;5;120m[AppiumDriver@1610][0m Checking BaseDriver versions for Appium and AndroidUiautomator2Driver
[38;5;120m[AppiumDriver@1610][0m Appium's BaseDriver version is 9.11.2
[38;5;120m[AppiumDriver@1610][0m AndroidUiautomator2Driver's BaseDriver version is 9.11.2
[38;5;-113m[AndroidUiautomator2Driver@2310][0m Capability 'noReset' changed from string to boolean. This may cause unexpected behavior
[38;5;-113m[AndroidUiautomator2Driver@2310][0m The following provided capabilities were not recognized by this driver:
[38;5;-113m[AndroidUiautomator2Driver@2310][0m   Android
[38;5;-113m[AndroidUiautomator2Driver@2310][0m   deviceId
[38;5;-113m[AndroidUiautomator2Driver@2310][0m   property
[38;5;89m[67db2a6c][0m[38;5;-113m[AndroidUiautomator2Driver@2310][0m Session created with session id: 67db2a6c-08d1-48ae-8606-8591c4b6e286
[38;5;89m[67db2a6c][0m[38;5;229m[ADB][0m Found 1 'build-tools' folders under 'C:\Users\User\.katalon\tools\android_sdk' (newest first):
[38;5;89m[67db2a6c][0m[38;5;229m[ADB][0m     C:\Users\User\.katalon\tools\android_sdk\build-tools\29.0.3
[38;5;89m[67db2a6c][0m[38;5;229m[ADB][0m Using 'adb.exe' from 'C:\Users\User\.katalon\tools\android_sdk\platform-tools\adb.exe'
[38;5;89m[67db2a6c][0m[38;5;-113m[AndroidUiautomator2Driver@2310][0m Retrieving device list
[38;5;89m[67db2a6c][0m[38;5;-113m[AndroidUiautomator2Driver@2310][0m Using device: emulator-5554
[38;5;89m[67db2a6c][0m[38;5;229m[ADB][0m Using 'adb.exe' from 'C:\Users\User\.katalon\tools\android_sdk\platform-tools\adb.exe'
[38;5;89m[67db2a6c][0m[38;5;123m[BaseDriver][0m Using local app 'C:\Users\User\Documents\api.apk'
[38;5;89m[67db2a6c][0m[38;5;229m[ADB][0m Getting device platform version
[38;5;89m[67db2a6c][0m[38;5;-113m[AndroidUiautomator2Driver@2310][0m Relaxing hidden api policy
[38;5;89m[67db2a6c][0m[38;5;229m[ADB][0m Using 'aapt2.exe' from 'C:\Users\User\.katalon\tools\android_sdk\build-tools\29.0.3\aapt2.exe'
[38;5;89m[67db2a6c][0m[38;5;-113m[AndroidUiautomator2Driver@2310][0m Server packages are not going to be (re)installed
[38;5;89m[67db2a6c][0m[38;5;229m[ADB][0m Using 'apksigner.jar' from 'C:\Users\User\.katalon\tools\android_sdk\build-tools\29.0.3\lib\apksigner.jar'
[38;5;89m[67db2a6c][0m[38;5;229m[ADB][0m Adding packages ["io.appium.settings","io.appium.uiautomator2.server","io.appium.uiautomator2.server.test"] to Doze whitelist
[38;5;89m[67db2a6c][0m[38;5;229m[ADB][0m 'C:\Users\User\Documents\api.apk' is signed with a non-default certificate
[38;5;89m[67db2a6c][0m[38;5;229m[ADB][0m The application at 'C:\Users\User\Documents\api.apk' will not be cached, because the device under test has confirmed the support of streamed installs
[38;5;89m[67db2a6c][0m[38;5;229m[ADB][0m The installation of 'api.apk' took 771ms
[38;5;89m[67db2a6c][0m[38;5;-113m[AndroidUiautomator2Driver@2310][0m Starting UIAutomator2 server 7.0.21
[38;5;89m[67db2a6c][0m[38;5;-113m[AndroidUiautomator2Driver@2310][0m Using UIAutomator2 server from 'C:\Users\User\.appium\node_modules\appium-uiautomator2-driver\node_modules\appium-uiautomator2-server\apks\appium-uiautomator2-server-v7.0.21.apk' and test from 'C:\Users\User\.appium\node_modules\appium-uiautomator2-driver\node_modules\appium-uiautomator2-server\apks\appium-uiautomator2-server-debug-androidTest.apk'
[38;5;89m[67db2a6c][0m[38;5;-113m[AndroidUiautomator2Driver@2310][0m Waiting up to 30000ms for UiAutomator2 to be online...
[38;5;89m[67db2a6c][0m[38;5;-113m[AndroidUiautomator2Driver@2310][0m socket hang up
[38;5;89m[67db2a6c][0m[38;5;-113m[AndroidUiautomator2Driver@2310][0m socket hang up
[38;5;89m[67db2a6c][0m[38;5;-113m[AndroidUiautomator2Driver@2310][0m socket hang up
[38;5;89m[67db2a6c][0m[38;5;-113m[AndroidUiautomator2Driver@2310][0m Determined the downstream protocol as 'W3C'
[38;5;89m[67db2a6c][0m[38;5;-113m[AndroidUiautomator2Driver@2310][0m Screen already unlocked, doing nothing
[38;5;89m[67db2a6c][0m[38;5;-113m[AndroidUiautomator2Driver@2310][0m Starting 'com.github.axet.android.apis/com.github.axet.android.apis.ApiDemos and waiting for 'com.github.axet.android.apis/com.github.axet.android.apis.ApiDemos'
[38;5;89m[67db2a6c][0m[38;5;120m[AppiumDriver@1610][0m New AndroidUiautomator2Driver session created successfully, session 67db2a6c-08d1-48ae-8606-8591c4b6e286 added to master session list
[38;5;89m[67db2a6c][0m[38;5;86m[HTTP][0m [37m<-- POST /wd/hub/session [39m[32m200[39m [90m13243 ms - 1552[39m [90m[39m
[38;5;89m[67db2a6c][0m[38;5;86m[HTTP][0m [37m-->[39m [37mGET[39m [37m/wd/hub/session/67db2a6c-08d1-48ae-8606-8591c4b6e286[39m [90m{}[39m
[38;5;89m[67db2a6c][0m[38;5;86m[HTTP][0m [37m<-- GET /wd/hub/session/67db2a6c-08d1-48ae-8606-8591c4b6e286 [39m[32m200[39m [90m39 ms - 548[39m [90m[39m
[38;5;89m[67db2a6c][0m[38;5;86m[HTTP][0m [37m-->[39m [37mGET[39m [37m/wd/hub/session/67db2a6c-08d1-48ae-8606-8591c4b6e286[39m [90m{}[39m
[38;5;89m[67db2a6c][0m[38;5;86m[HTTP][0m [37m<-- GET /wd/hub/session/67db2a6c-08d1-48ae-8606-8591c4b6e286 [39m[32m200[39m [90m118 ms - 548[39m [90m[39m
[38;5;86m[HTTP][0m [37m-->[39m [37mGET[39m [37m/wd/hub/status[39m [90m{}[39m
[38;5;86m[HTTP][0m [37m<-- GET /wd/hub/status [39m[32m200[39m [90m1 ms - 111[39m [90m[39m
[38;5;89m[67db2a6c][0m[38;5;86m[HTTP][0m [37m-->[39m [37mPOST[39m [37m/wd/hub/session/67db2a6c-08d1-48ae-8606-8591c4b6e286/timeouts[39m [90m{"implicit":60000}[39m
[38;5;89m[67db2a6c][0m[38;5;86m[HTTP][0m [37m<-- POST /wd/hub/session/67db2a6c-08d1-48ae-8606-8591c4b6e286/timeouts [39m[32m200[39m [90m5 ms - 14[39m [90m[39m
[38;5;89m[67db2a6c][0m[38;5;86m[HTTP][0m [37m-->[39m [37mGET[39m [37m/wd/hub/session/67db2a6c-08d1-48ae-8606-8591c4b6e286/source[39m [90m{}[39m
[38;5;89m[67db2a6c][0m[38;5;-113m[AndroidUiautomator2Driver@2310][0m Driver proxy active, passing request on via HTTP proxy
[38;5;89m[67db2a6c][0m[38;5;-113m[AndroidUiautomator2Driver@2310][0m Replacing sessionId 089008c8-3daa-476a-a761-5fa436433673 with 67db2a6c-08d1-48ae-8606-8591c4b6e286
[38;5;89m[67db2a6c][0m[38;5;86m[HTTP][0m [37m<-- GET /wd/hub/session/67db2a6c-08d1-48ae-8606-8591c4b6e286/source [39m[32m200[39m [90m293 ms - 6767[39m [90m[39m
[38;5;89m[67db2a6c][0m[38;5;86m[HTTP][0m [37m-->[39m [37mGET[39m [37m/wd/hub/session/67db2a6c-08d1-48ae-8606-8591c4b6e286/screenshot[39m [90m{}[39m
[38;5;89m[67db2a6c][0m[38;5;86m[HTTP][0m [37m<-- GET /wd/hub/session/67db2a6c-08d1-48ae-8606-8591c4b6e286/screenshot [39m[32m200[39m [90m753 ms - 164624[39m [90m[39m
[38;5;89m[67db2a6c][0m[38;5;86m[HTTP][0m [37m-->[39m [37mGET[39m [37m/wd/hub/session/67db2a6c-08d1-48ae-8606-8591c4b6e286/window/rect[39m [90m{}[39m
[38;5;89m[67db2a6c][0m[38;5;86m[HTTP][0m [37m<-- GET /wd/hub/session/67db2a6c-08d1-48ae-8606-8591c4b6e286/window/rect [39m[32m200[39m [90m46 ms - 50[39m [90m[39m
[38;5;89m[67db2a6c][0m[38;5;86m[HTTP][0m [37m-->[39m [37mPOST[39m [37m/wd/hub/session/67db2a6c-08d1-48ae-8606-8591c4b6e286/elements[39m [90m{"using":"xpath","value":"//*[@class = 'android.widget.Button' and (@text = 'OK' or . = 'OK') and @resource-id = 'android:id/button1']"}[39m
[38;5;89m[67db2a6c][0m[38;5;86m[HTTP][0m [37m<-- POST /wd/hub/session/67db2a6c-08d1-48ae-8606-8591c4b6e286/elements [39m[32m200[39m [90m1133 ms - 139[39m [90m[39m
[38;5;89m[67db2a6c][0m[38;5;86m[HTTP][0m [37m-->[39m [37mGET[39m [37m/wd/hub/session/67db2a6c-08d1-48ae-8606-8591c4b6e286/element/00000000-0000-0058-ffff-ffff0000009a/location[39m [90m{}[39m
[38;5;89m[67db2a6c][0m[38;5;-113m[AndroidUiautomator2Driver@2310][0m Driver proxy active, passing request on via HTTP proxy
[38;5;89m[67db2a6c][0m[38;5;-113m[AndroidUiautomator2Driver@2310][0m Replacing sessionId 089008c8-3daa-476a-a761-5fa436433673 with 67db2a6c-08d1-48ae-8606-8591c4b6e286
[38;5;89m[67db2a6c][0m[38;5;86m[HTTP][0m [37m<-- GET /wd/hub/session/67db2a6c-08d1-48ae-8606-8591c4b6e286/element/00000000-0000-0058-ffff-ffff0000009a/location [39m[32m200[39m [90m45 ms - 79[39m [90m[39m
[38;5;89m[67db2a6c][0m[38;5;86m[HTTP][0m [37m-->[39m [37mPOST[39m [37m/wd/hub/session/67db2a6c-08d1-48ae-8606-8591c4b6e286/element/00000000-0000-0058-ffff-ffff0000009a/click[39m [90m{"id":"00000000-0000-0058-ffff-ffff0000009a"}[39m
[38;5;89m[67db2a6c][0m[38;5;86m[HTTP][0m [37m<-- POST /wd/hub/session/67db2a6c-08d1-48ae-8606-8591c4b6e286/element/00000000-0000-0058-ffff-ffff0000009a/click [39m[32m200[39m [90m144 ms - 14[39m [90m[39m
[38;5;89m[67db2a6c][0m[38;5;86m[HTTP][0m [37m-->[39m [37mGET[39m [37m/wd/hub/session/67db2a6c-08d1-48ae-8606-8591c4b6e286/source[39m [90m{}[39m
[38;5;89m[67db2a6c][0m[38;5;-113m[AndroidUiautomator2Driver@2310][0m Driver proxy active, passing request on via HTTP proxy
[38;5;89m[67db2a6c][0m[38;5;-113m[AndroidUiautomator2Driver@2310][0m Replacing sessionId 089008c8-3daa-476a-a761-5fa436433673 with 67db2a6c-08d1-48ae-8606-8591c4b6e286
[38;5;89m[67db2a6c][0m[38;5;86m[HTTP][0m [37m<-- GET /wd/hub/session/67db2a6c-08d1-48ae-8606-8591c4b6e286/source [39m[32m200[39m [90m202 ms - 7961[39m [90m[39m
[38;5;89m[67db2a6c][0m[38;5;86m[HTTP][0m [37m-->[39m [37mGET[39m [37m/wd/hub/session/67db2a6c-08d1-48ae-8606-8591c4b6e286/screenshot[39m [90m{}[39m
[38;5;89m[67db2a6c][0m[38;5;86m[HTTP][0m [37m<-- GET /wd/hub/session/67db2a6c-08d1-48ae-8606-8591c4b6e286/screenshot [39m[32m200[39m [90m514 ms - 108500[39m [90m[39m
[38;5;89m[67db2a6c][0m[38;5;86m[HTTP][0m [37m-->[39m [37mGET[39m [37m/wd/hub/session/67db2a6c-08d1-48ae-8606-8591c4b6e286/window/rect[39m [90m{}[39m
[38;5;89m[67db2a6c][0m[38;5;86m[HTTP][0m [37m<-- GET /wd/hub/session/67db2a6c-08d1-48ae-8606-8591c4b6e286/window/rect [39m[32m200[39m [90m23 ms - 50[39m [90m[39m
[38;5;89m[67db2a6c][0m[38;5;86m[HTTP][0m [37m-->[39m [37mPOST[39m [37m/wd/hub/session/67db2a6c-08d1-48ae-8606-8591c4b6e286/elements[39m [90m{"using":"xpath","value":"//*[@class = 'android.widget.TextView' and (@text = 'App' or . = 'App') and @resource-id = 'android:id/text1']"}[39m
[38;5;89m[67db2a6c][0m[38;5;86m[HTTP][0m [37m<-- POST /wd/hub/session/67db2a6c-08d1-48ae-8606-8591c4b6e286/elements [39m[32m200[39m [90m142 ms - 139[39m [90m[39m
[38;5;89m[67db2a6c][0m[38;5;86m[HTTP][0m [37m-->[39m [37mGET[39m [37m/wd/hub/session/67db2a6c-08d1-48ae-8606-8591c4b6e286/element/00000000-0000-0059-ffff-ffff00000009/location[39m [90m{}[39m
[38;5;89m[67db2a6c][0m[38;5;-113m[AndroidUiautomator2Driver@2310][0m Driver proxy active, passing request on via HTTP proxy
[38;5;89m[67db2a6c][0m[38;5;-113m[AndroidUiautomator2Driver@2310][0m Replacing sessionId 089008c8-3daa-476a-a761-5fa436433673 with 67db2a6c-08d1-48ae-8606-8591c4b6e286
[38;5;89m[67db2a6c][0m[38;5;86m[HTTP][0m [37m<-- GET /wd/hub/session/67db2a6c-08d1-48ae-8606-8591c4b6e286/element/00000000-0000-0059-ffff-ffff00000009/location [39m[32m200[39m [90m29 ms - 76[39m [90m[39m
[38;5;89m[67db2a6c][0m[38;5;86m[HTTP][0m [37m-->[39m [37mPOST[39m [37m/wd/hub/session/67db2a6c-08d1-48ae-8606-8591c4b6e286/element/00000000-0000-0059-ffff-ffff00000009/click[39m [90m{"id":"00000000-0000-0059-ffff-ffff00000009"}[39m
[38;5;89m[67db2a6c][0m[38;5;86m[HTTP][0m [37m<-- POST /wd/hub/session/67db2a6c-08d1-48ae-8606-8591c4b6e286/element/00000000-0000-0059-ffff-ffff00000009/click [39m[32m200[39m [90m1420 ms - 14[39m [90m[39m
[38;5;89m[67db2a6c][0m[38;5;86m[HTTP][0m [37m-->[39m [37mGET[39m [37m/wd/hub/session/67db2a6c-08d1-48ae-8606-8591c4b6e286/source[39m [90m{}[39m
[38;5;89m[67db2a6c][0m[38;5;-113m[AndroidUiautomator2Driver@2310][0m Driver proxy active, passing request on via HTTP proxy
[38;5;89m[67db2a6c][0m[38;5;-113m[AndroidUiautomator2Driver@2310][0m Replacing sessionId 089008c8-3daa-476a-a761-5fa436433673 with 67db2a6c-08d1-48ae-8606-8591c4b6e286
[38;5;89m[67db2a6c][0m[38;5;86m[HTTP][0m [37m<-- GET /wd/hub/session/67db2a6c-08d1-48ae-8606-8591c4b6e286/source [39m[32m200[39m [90m94 ms - 8850[39m [90m[39m
[38;5;89m[67db2a6c][0m[38;5;86m[HTTP][0m [37m-->[39m [37mGET[39m [37m/wd/hub/session/67db2a6c-08d1-48ae-8606-8591c4b6e286/screenshot[39m [90m{}[39m
[38;5;89m[67db2a6c][0m[38;5;86m[HTTP][0m [37m<-- GET /wd/hub/session/67db2a6c-08d1-48ae-8606-8591c4b6e286/screenshot [39m[32m200[39m [90m715 ms - 127040[39m [90m[39m
[38;5;89m[67db2a6c][0m[38;5;86m[HTTP][0m [37m-->[39m [37mGET[39m [37m/wd/hub/session/67db2a6c-08d1-48ae-8606-8591c4b6e286/window/rect[39m [90m{}[39m
[38;5;89m[67db2a6c][0m[38;5;86m[HTTP][0m [37m<-- GET /wd/hub/session/67db2a6c-08d1-48ae-8606-8591c4b6e286/window/rect [39m[32m200[39m [90m18 ms - 50[39m [90m[39m
[38;5;89m[67db2a6c][0m[38;5;86m[HTTP][0m [37m-->[39m [37mPOST[39m [37m/wd/hub/session/67db2a6c-08d1-48ae-8606-8591c4b6e286/elements[39m [90m{"using":"xpath","value":"//*[@class = 'android.widget.TextView' and (@text = 'Activity' or . = 'Activity') and @resource-id = 'android:id/text1']"}[39m
[38;5;89m[67db2a6c][0m[38;5;86m[HTTP][0m [37m<-- POST /wd/hub/session/67db2a6c-08d1-48ae-8606-8591c4b6e286/elements [39m[32m200[39m [90m136 ms - 139[39m [90m[39m
[38;5;89m[67db2a6c][0m[38;5;86m[HTTP][0m [37m-->[39m [37mGET[39m [37m/wd/hub/session/67db2a6c-08d1-48ae-8606-8591c4b6e286/element/00000000-0000-005a-ffff-ffff0000001b/location[39m [90m{}[39m
[38;5;89m[67db2a6c][0m[38;5;-113m[AndroidUiautomator2Driver@2310][0m Driver proxy active, passing request on via HTTP proxy
[38;5;89m[67db2a6c][0m[38;5;-113m[AndroidUiautomator2Driver@2310][0m Replacing sessionId 089008c8-3daa-476a-a761-5fa436433673 with 67db2a6c-08d1-48ae-8606-8591c4b6e286
[38;5;89m[67db2a6c][0m[38;5;86m[HTTP][0m [37m<-- GET /wd/hub/session/67db2a6c-08d1-48ae-8606-8591c4b6e286/element/00000000-0000-005a-ffff-ffff0000001b/location [39m[32m200[39m [90m24 ms - 76[39m [90m[39m
[38;5;89m[67db2a6c][0m[38;5;86m[HTTP][0m [37m-->[39m [37mPOST[39m [37m/wd/hub/session/67db2a6c-08d1-48ae-8606-8591c4b6e286/element/00000000-0000-005a-ffff-ffff0000001b/click[39m [90m{"id":"00000000-0000-005a-ffff-ffff0000001b"}[39m
[38;5;89m[67db2a6c][0m[38;5;86m[HTTP][0m [37m<-- POST /wd/hub/session/67db2a6c-08d1-48ae-8606-8591c4b6e286/element/00000000-0000-005a-ffff-ffff0000001b/click [39m[32m200[39m [90m1421 ms - 14[39m [90m[39m
[38;5;89m[67db2a6c][0m[38;5;86m[HTTP][0m [37m-->[39m [37mGET[39m [37m/wd/hub/session/67db2a6c-08d1-48ae-8606-8591c4b6e286/source[39m [90m{}[39m
[38;5;89m[67db2a6c][0m[38;5;-113m[AndroidUiautomator2Driver@2310][0m Driver proxy active, passing request on via HTTP proxy
[38;5;89m[67db2a6c][0m[38;5;-113m[AndroidUiautomator2Driver@2310][0m Replacing sessionId 089008c8-3daa-476a-a761-5fa436433673 with 67db2a6c-08d1-48ae-8606-8591c4b6e286
[38;5;89m[67db2a6c][0m[38;5;86m[HTTP][0m [37m<-- GET /wd/hub/session/67db2a6c-08d1-48ae-8606-8591c4b6e286/source [39m[32m200[39m [90m81 ms - 8906[39m [90m[39m
[38;5;89m[67db2a6c][0m[38;5;86m[HTTP][0m [37m-->[39m [37mGET[39m [37m/wd/hub/session/67db2a6c-08d1-48ae-8606-8591c4b6e286/screenshot[39m [90m{}[39m
[38;5;89m[67db2a6c][0m[38;5;86m[HTTP][0m [37m<-- GET /wd/hub/session/67db2a6c-08d1-48ae-8606-8591c4b6e286/screenshot [39m[32m200[39m [90m706 ms - 157780[39m [90m[39m
[38;5;89m[67db2a6c][0m[38;5;86m[HTTP][0m [37m-->[39m [37mGET[39m [37m/wd/hub/session/67db2a6c-08d1-48ae-8606-8591c4b6e286/window/rect[39m [90m{}[39m
[38;5;89m[67db2a6c][0m[38;5;86m[HTTP][0m [37m<-- GET /wd/hub/session/67db2a6c-08d1-48ae-8606-8591c4b6e286/window/rect [39m[32m200[39m [90m17 ms - 50[39m [90m[39m
[38;5;89m[67db2a6c][0m[38;5;86m[HTTP][0m [37m-->[39m [37mPOST[39m [37m/wd/hub/session/67db2a6c-08d1-48ae-8606-8591c4b6e286/elements[39m [90m{"using":"xpath","value":"//*[@class = 'android.widget.TextView' and (@text = 'Presentation' or . = 'Presentation') and @resource-id = 'android:id/text1']"}[39m
[38;5;89m[67db2a6c][0m[38;5;86m[HTTP][0m [37m<-- POST /wd/hub/session/67db2a6c-08d1-48ae-8606-8591c4b6e286/elements [39m[32m200[39m [90m133 ms - 139[39m [90m[39m
[38;5;89m[67db2a6c][0m[38;5;86m[HTTP][0m [37m-->[39m [37mGET[39m [37m/wd/hub/session/67db2a6c-08d1-48ae-8606-8591c4b6e286/element/00000000-0000-005b-ffff-ffff00000039/location[39m [90m{}[39m
[38;5;89m[67db2a6c][0m[38;5;-113m[AndroidUiautomator2Driver@2310][0m Driver proxy active, passing request on via HTTP proxy
[38;5;89m[67db2a6c][0m[38;5;-113m[AndroidUiautomator2Driver@2310][0m Replacing sessionId 089008c8-3daa-476a-a761-5fa436433673 with 67db2a6c-08d1-48ae-8606-8591c4b6e286
[38;5;89m[67db2a6c][0m[38;5;86m[HTTP][0m [37m<-- GET /wd/hub/session/67db2a6c-08d1-48ae-8606-8591c4b6e286/element/00000000-0000-005b-ffff-ffff00000039/location [39m[32m200[39m [90m28 ms - 77[39m [90m[39m
[38;5;89m[67db2a6c][0m[38;5;86m[HTTP][0m [37m-->[39m [37mPOST[39m [37m/wd/hub/session/67db2a6c-08d1-48ae-8606-8591c4b6e286/element/00000000-0000-005b-ffff-ffff00000039/click[39m [90m{"id":"00000000-0000-005b-ffff-ffff00000039"}[39m
[38;5;89m[67db2a6c][0m[38;5;86m[HTTP][0m [37m<-- POST /wd/hub/session/67db2a6c-08d1-48ae-8606-8591c4b6e286/element/00000000-0000-005b-ffff-ffff00000039/click [39m[32m200[39m [90m1190 ms - 14[39m [90m[39m
[38;5;89m[67db2a6c][0m[38;5;86m[HTTP][0m [37m-->[39m [37mGET[39m [37m/wd/hub/session/67db2a6c-08d1-48ae-8606-8591c4b6e286/source[39m [90m{}[39m
[38;5;89m[67db2a6c][0m[38;5;-113m[AndroidUiautomator2Driver@2310][0m Driver proxy active, passing request on via HTTP proxy
[38;5;89m[67db2a6c][0m[38;5;-113m[AndroidUiautomator2Driver@2310][0m Replacing sessionId 089008c8-3daa-476a-a761-5fa436433673 with 67db2a6c-08d1-48ae-8606-8591c4b6e286
[38;5;89m[67db2a6c][0m[38;5;86m[HTTP][0m [37m<-- GET /wd/hub/session/67db2a6c-08d1-48ae-8606-8591c4b6e286/source [39m[32m200[39m [90m51 ms - 4885[39m [90m[39m
[38;5;89m[67db2a6c][0m[38;5;86m[HTTP][0m [37m-->[39m [37mGET[39m [37m/wd/hub/session/67db2a6c-08d1-48ae-8606-8591c4b6e286/screenshot[39m [90m{}[39m
[38;5;89m[67db2a6c][0m[38;5;86m[HTTP][0m [37m<-- GET /wd/hub/session/67db2a6c-08d1-48ae-8606-8591c4b6e286/screenshot [39m[32m200[39m [90m733 ms - 156612[39m [90m[39m
[38;5;89m[67db2a6c][0m[38;5;86m[HTTP][0m [37m-->[39m [37mGET[39m [37m/wd/hub/session/67db2a6c-08d1-48ae-8606-8591c4b6e286/window/rect[39m [90m{}[39m
[38;5;89m[67db2a6c][0m[38;5;86m[HTTP][0m [37m<-- GET /wd/hub/session/67db2a6c-08d1-48ae-8606-8591c4b6e286/window/rect [39m[32m200[39m [90m21 ms - 50[39m [90m[39m
[38;5;89m[67db2a6c][0m[38;5;86m[HTTP][0m [37m-->[39m [37mPOST[39m [37m/wd/hub/session/67db2a6c-08d1-48ae-8606-8591c4b6e286/elements[39m [90m{"using":"xpath","value":"//*[@class = 'android.widget.CheckBox' and (@text = 'Show all displays' or . = 'Show all displays') and @resource-id = 'com.github.axet.android.apis:id/show_all_displays']"}[39m
[38;5;89m[67db2a6c][0m[38;5;86m[HTTP][0m [37m<-- POST /wd/hub/session/67db2a6c-08d1-48ae-8606-8591c4b6e286/elements [39m[32m200[39m [90m111 ms - 139[39m [90m[39m
[38;5;89m[67db2a6c][0m[38;5;86m[HTTP][0m [37m-->[39m [37mGET[39m [37m/wd/hub/session/67db2a6c-08d1-48ae-8606-8591c4b6e286/element/00000000-0000-005c-ffff-ffff00000041/location[39m [90m{}[39m
[38;5;89m[67db2a6c][0m[38;5;-113m[AndroidUiautomator2Driver@2310][0m Driver proxy active, passing request on via HTTP proxy
[38;5;89m[67db2a6c][0m[38;5;-113m[AndroidUiautomator2Driver@2310][0m Replacing sessionId 089008c8-3daa-476a-a761-5fa436433673 with 67db2a6c-08d1-48ae-8606-8591c4b6e286
[38;5;89m[67db2a6c][0m[38;5;86m[HTTP][0m [37m<-- GET /wd/hub/session/67db2a6c-08d1-48ae-8606-8591c4b6e286/element/00000000-0000-005c-ffff-ffff00000041/location [39m[32m200[39m [90m32 ms - 76[39m [90m[39m
[38;5;89m[67db2a6c][0m[38;5;86m[HTTP][0m [37m-->[39m [37mPOST[39m [37m/wd/hub/session/67db2a6c-08d1-48ae-8606-8591c4b6e286/element/00000000-0000-005c-ffff-ffff00000041/click[39m [90m{"id":"00000000-0000-005c-ffff-ffff00000041"}[39m
[38;5;89m[67db2a6c][0m[38;5;86m[HTTP][0m [37m<-- POST /wd/hub/session/67db2a6c-08d1-48ae-8606-8591c4b6e286/element/00000000-0000-005c-ffff-ffff00000041/click [39m[32m200[39m [90m104 ms - 14[39m [90m[39m
[38;5;89m[67db2a6c][0m[38;5;86m[HTTP][0m [37m-->[39m [37mGET[39m [37m/wd/hub/session/67db2a6c-08d1-48ae-8606-8591c4b6e286/source[39m [90m{}[39m
[38;5;89m[67db2a6c][0m[38;5;-113m[AndroidUiautomator2Driver@2310][0m Driver proxy active, passing request on via HTTP proxy
[38;5;89m[67db2a6c][0m[38;5;-113m[AndroidUiautomator2Driver@2310][0m Replacing sessionId 089008c8-3daa-476a-a761-5fa436433673 with 67db2a6c-08d1-48ae-8606-8591c4b6e286
[38;5;89m[67db2a6c][0m[38;5;86m[HTTP][0m [37m<-- GET /wd/hub/session/67db2a6c-08d1-48ae-8606-8591c4b6e286/source [39m[32m200[39m [90m193 ms - 6729[39m [90m[39m
[38;5;89m[67db2a6c][0m[38;5;86m[HTTP][0m [37m-->[39m [37mGET[39m [37m/wd/hub/session/67db2a6c-08d1-48ae-8606-8591c4b6e286/screenshot[39m [90m{}[39m
[38;5;89m[67db2a6c][0m[38;5;86m[HTTP][0m [37m<-- GET /wd/hub/session/67db2a6c-08d1-48ae-8606-8591c4b6e286/screenshot [39m[32m200[39m [90m649 ms - 181972[39m [90m[39m
[38;5;89m[67db2a6c][0m[38;5;86m[HTTP][0m [37m-->[39m [37mGET[39m [37m/wd/hub/session/67db2a6c-08d1-48ae-8606-8591c4b6e286/source[39m [90m{}[39m
[38;5;89m[67db2a6c][0m[38;5;-113m[AndroidUiautomator2Driver@2310][0m Driver proxy active, passing request on via HTTP proxy
[38;5;89m[67db2a6c][0m[38;5;-113m[AndroidUiautomator2Driver@2310][0m Replacing sessionId 089008c8-3daa-476a-a761-5fa436433673 with 67db2a6c-08d1-48ae-8606-8591c4b6e286
[38;5;89m[67db2a6c][0m[38;5;86m[HTTP][0m [37m<-- GET /wd/hub/session/67db2a6c-08d1-48ae-8606-8591c4b6e286/source [39m[32m200[39m [90m54 ms - 6729[39m [90m[39m
[38;5;89m[67db2a6c][0m[38;5;86m[HTTP][0m [37m-->[39m [37mGET[39m [37m/wd/hub/session/67db2a6c-08d1-48ae-8606-8591c4b6e286/screenshot[39m [90m{}[39m
[38;5;89m[67db2a6c][0m[38;5;86m[HTTP][0m [37m<-- GET /wd/hub/session/67db2a6c-08d1-48ae-8606-8591c4b6e286/screenshot [39m[32m200[39m [90m485 ms - 183064[39m [90m[39m
[38;5;89m[67db2a6c][0m[38;5;86m[HTTP][0m [37m-->[39m [37mGET[39m [37m/wd/hub/session/67db2a6c-08d1-48ae-8606-8591c4b6e286/window/rect[39m [90m{}[39m
[38;5;89m[67db2a6c][0m[38;5;86m[HTTP][0m [37m<-- GET /wd/hub/session/67db2a6c-08d1-48ae-8606-8591c4b6e286/window/rect [39m[32m200[39m [90m19 ms - 50[39m [90m[39m
[38;5;89m[67db2a6c][0m[38;5;86m[HTTP][0m [37m-->[39m [37mPOST[39m [37m/wd/hub/session/67db2a6c-08d1-48ae-8606-8591c4b6e286/elements[39m [90m{"using":"xpath","value":"//*[@class = 'android.widget.CheckBox' and (@text = 'Show all displays' or . = 'Show all displays') and @resource-id = 'com.github.axet.android.apis:id/show_all_displays']"}[39m
[38;5;89m[67db2a6c][0m[38;5;86m[HTTP][0m [37m<-- POST /wd/hub/session/67db2a6c-08d1-48ae-8606-8591c4b6e286/elements [39m[32m200[39m [90m96 ms - 139[39m [90m[39m
[38;5;89m[67db2a6c][0m[38;5;86m[HTTP][0m [37m-->[39m [37mGET[39m [37m/wd/hub/session/67db2a6c-08d1-48ae-8606-8591c4b6e286/element/00000000-0000-005c-ffff-ffff00000041/location[39m [90m{}[39m
[38;5;89m[67db2a6c][0m[38;5;-113m[AndroidUiautomator2Driver@2310][0m Driver proxy active, passing request on via HTTP proxy
[38;5;89m[67db2a6c][0m[38;5;-113m[AndroidUiautomator2Driver@2310][0m Replacing sessionId 089008c8-3daa-476a-a761-5fa436433673 with 67db2a6c-08d1-48ae-8606-8591c4b6e286
[38;5;89m[67db2a6c][0m[38;5;86m[HTTP][0m [37m<-- GET /wd/hub/session/67db2a6c-08d1-48ae-8606-8591c4b6e286/element/00000000-0000-005c-ffff-ffff00000041/location [39m[32m200[39m [90m27 ms - 76[39m [90m[39m
[38;5;89m[67db2a6c][0m[38;5;86m[HTTP][0m [37m-->[39m [37mPOST[39m [37m/wd/hub/session/67db2a6c-08d1-48ae-8606-8591c4b6e286/element/00000000-0000-005c-ffff-ffff00000041/click[39m [90m{"id":"00000000-0000-005c-ffff-ffff00000041"}[39m
[38;5;89m[67db2a6c][0m[38;5;86m[HTTP][0m [37m<-- POST /wd/hub/session/67db2a6c-08d1-48ae-8606-8591c4b6e286/element/00000000-0000-005c-ffff-ffff00000041/click [39m[32m200[39m [90m133 ms - 14[39m [90m[39m
[38;5;89m[67db2a6c][0m[38;5;86m[HTTP][0m [37m-->[39m [37mGET[39m [37m/wd/hub/session/67db2a6c-08d1-48ae-8606-8591c4b6e286/source[39m [90m{}[39m
[38;5;89m[67db2a6c][0m[38;5;-113m[AndroidUiautomator2Driver@2310][0m Driver proxy active, passing request on via HTTP proxy
[38;5;89m[67db2a6c][0m[38;5;-113m[AndroidUiautomator2Driver@2310][0m Replacing sessionId 089008c8-3daa-476a-a761-5fa436433673 with 67db2a6c-08d1-48ae-8606-8591c4b6e286
[38;5;89m[67db2a6c][0m[38;5;86m[HTTP][0m [37m<-- GET /wd/hub/session/67db2a6c-08d1-48ae-8606-8591c4b6e286/source [39m[32m200[39m [90m113 ms - 4885[39m [90m[39m
[38;5;89m[67db2a6c][0m[38;5;86m[HTTP][0m [37m-->[39m [37mGET[39m [37m/wd/hub/session/67db2a6c-08d1-48ae-8606-8591c4b6e286/screenshot[39m [90m{}[39m
[38;5;89m[67db2a6c][0m[38;5;86m[HTTP][0m [37m<-- GET /wd/hub/session/67db2a6c-08d1-48ae-8606-8591c4b6e286/screenshot [39m[32m200[39m [90m618 ms - 157784[39m [90m[39m
[38;5;89m[67db2a6c][0m[38;5;86m[HTTP][0m [37m-->[39m [37mGET[39m [37m/wd/hub/session/67db2a6c-08d1-48ae-8606-8591c4b6e286/source[39m [90m{}[39m
[38;5;89m[67db2a6c][0m[38;5;-113m[AndroidUiautomator2Driver@2310][0m Driver proxy active, passing request on via HTTP proxy
[38;5;89m[67db2a6c][0m[38;5;-113m[AndroidUiautomator2Driver@2310][0m Replacing sessionId 089008c8-3daa-476a-a761-5fa436433673 with 67db2a6c-08d1-48ae-8606-8591c4b6e286
[38;5;89m[67db2a6c][0m[38;5;86m[HTTP][0m [37m<-- GET /wd/hub/session/67db2a6c-08d1-48ae-8606-8591c4b6e286/source [39m[32m200[39m [90m60 ms - 4885[39m [90m[39m
[38;5;89m[67db2a6c][0m[38;5;86m[HTTP][0m [37m-->[39m [37mGET[39m [37m/wd/hub/session/67db2a6c-08d1-48ae-8606-8591c4b6e286/screenshot[39m [90m{}[39m
[38;5;89m[67db2a6c][0m[38;5;86m[HTTP][0m [37m<-- GET /wd/hub/session/67db2a6c-08d1-48ae-8606-8591c4b6e286/screenshot [39m[32m200[39m [90m494 ms - 157784[39m [90m[39m
[38;5;89m[67db2a6c][0m[38;5;86m[HTTP][0m [37m-->[39m [37mDELETE[39m [37m/wd/hub/session/67db2a6c-08d1-48ae-8606-8591c4b6e286[39m [90m{}[39m
[38;5;89m[67db2a6c][0m[38;5;120m[AppiumDriver@1610][0m Removing session 67db2a6c-08d1-48ae-8606-8591c4b6e286 from our master session list
[38;5;89m[67db2a6c][0m[38;5;-113m[AndroidUiautomator2Driver@2310][0m Restoring hidden api policy to the device default configuration
[38;5;89m[67db2a6c][0m[38;5;86m[HTTP][0m [37m<-- DELETE /wd/hub/session/67db2a6c-08d1-48ae-8606-8591c4b6e286 [39m[32m200[39m [90m1419 ms - 14[39m [90m[39m
